#
# A fatal error has been detected by the Java Runtime Environment:
#
#  EXCEPTION_ACCESS_VIOLATION (0xc0000005) at pc=0x7c80a93e, pid=196, tid=548
#
# JRE version: 6.0_20-b02
# Java VM: Java HotSpot(TM) Client VM (16.3-b01 mixed mode, sharing windows-x86 )
# Problematic frame:
# C  [kernel32.dll+0xa93e]
#
# If you would like to submit a bug report, please visit:
#   http://java.sun.com/webapps/bugreport/crash.jsp
# The crash happened outside the Java Virtual Machine in native code.
# See problematic frame for where to report the bug.
#

---------------  T H R E A D  ---------------

Current thread (0x032c4c00):  JavaThread "AWT-Windows" daemon [_thread_in_native, id=548, stack(0x03f40000,0x03f90000)]

siginfo: ExceptionCode=0xc0000005, reading address 0x046100c3

Registers:
EAX=0x00000000, EBX=0x046100c3, ECX=0x0000006a, EDX=0x000b2fb8
ESP=0x03f8ec24, EBP=0x03f8ecac, ESI=0xffffffff, EDI=0x03f8ed40
EIP=0x7c80a93e, EFLAGS=0x00010246

Top of Stack: (sp=0x03f8ec24)
0x03f8ec24:   046100c3 005c0073 03f8ed40 1004d85f
0x03f8ec34:   03fe0ba4 00000001 04050008 03f8ede0
0x03f8ec44:   03f8ede4 03f8ed40 00000000 c0000034
0x03f8ec54:   00000000 03f8ed8c 00000000 03f8ed70
0x03f8ec64:   0000050c 03f8ed68 03f8ed60 00000000
0x03f8ec74:   03f8ed8c 03f8ec8c 00000000 00000000
0x03f8ec84:   00000000 000b2fb8 7e4290ce 0076c508
0x03f8ec94:   7c90f62d 03f8ed50 00000000 03f8ecd0 

Instructions: (pc=0x7c80a93e)
0x7c80a92e:   c4 01 0f 84 4f fb ff ff 8b 7d 10 33 c9 66 8b 0f
0x7c80a93e:   66 3b 0b 8b f3 89 7d fc 89 75 1c 0f 85 bd 02 00 


Stack: [0x03f40000,0x03f90000],  sp=0x03f8ec24,  free space=13b03f8e758k
Native frames: (J=compiled Java code, j=interpreted, Vv=VM code, C=native code)
C  [kernel32.dll+0xa93e]
C  [kernel32.dll+0xaa8c]
C  [nview.dll+0x4c908]
C  [nview.dll+0x50a7a]

Java frames: (J=compiled Java code, j=interpreted, Vv=VM code)
j  sun.awt.windows.WToolkit.eventLoop()V+0
j  sun.awt.windows.WToolkit.run()V+77
j  java.lang.Thread.run()V+11
v  ~StubRoutines::call_stub

---------------  P R O C E S S  ---------------

Java Threads: ( => current thread )
  0x030ef400 JavaThread "AWT-Shutdown" [_thread_blocked, id=4152, stack(0x03ef0000,0x03f40000)]
=>0x032c4c00 JavaThread "AWT-Windows" daemon [_thread_in_native, id=548, stack(0x03f40000,0x03f90000)]
  0x0326b400 JavaThread "Java2D Disposer" daemon [_thread_blocked, id=3856, stack(0x03ea0000,0x03ef0000)]
  0x02c9d800 JavaThread "Low Memory Detector" daemon [_thread_blocked, id=608, stack(0x02f50000,0x02fa0000)]
  0x02c9ac00 JavaThread "CompilerThread0" daemon [_thread_blocked, id=980, stack(0x02f00000,0x02f50000)]
  0x02c95c00 JavaThread "Attach Listener" daemon [_thread_blocked, id=2572, stack(0x02eb0000,0x02f00000)]
  0x02c94800 JavaThread "Signal Dispatcher" daemon [_thread_blocked, id=3420, stack(0x02e60000,0x02eb0000)]
  0x02c90000 JavaThread "Finalizer" daemon [_thread_blocked, id=3640, stack(0x02e10000,0x02e60000)]
  0x02c8b400 JavaThread "Reference Handler" daemon [_thread_blocked, id=1584, stack(0x02dc0000,0x02e10000)]
  0x003b6800 JavaThread "main" [_thread_in_native, id=3384, stack(0x00920000,0x00970000)]

Other Threads:
  0x02c8a000 VMThread [stack: 0x02d70000,0x02dc0000] [id=1572]
  0x02ca8400 WatcherThread [stack: 0x02fa0000,0x02ff0000] [id=3212]

VM state:not at safepoint (normal execution)

VM Mutex/Monitor currently owned by a thread: None

Heap
 def new generation   total 23040K, used 2393K [0x1a990000, 0x1c280000, 0x22990000)
  eden space 20544K,   3% used [0x1a990000, 0x1aa2aa80, 0x1bda0000)
  from space 2496K,  71% used [0x1bda0000, 0x1bf5bae0, 0x1c010000)
  to   space 2496K,   0% used [0x1c010000, 0x1c010000, 0x1c280000)
 tenured generation   total 50972K, used 50395K [0x22990000, 0x25b57000, 0x32990000)
   the space 50972K,  98% used [0x22990000, 0x25ac6c30, 0x25ac6e00, 0x25b57000)
 compacting perm gen  total 12288K, used 9286K [0x32990000, 0x33590000, 0x36990000)
   the space 12288K,  75% used [0x32990000, 0x332a1830, 0x332a1a00, 0x33590000)
    ro space 10240K,  51% used [0x36990000, 0x36ebae00, 0x36ebae00, 0x37390000)
    rw space 12288K,  54% used [0x37390000, 0x37a272d8, 0x37a27400, 0x37f90000)

Dynamic libraries:
0x00400000 - 0x00424000 	C:\WINDOWS\system32\java.exe
0x7c900000 - 0x7c9b2000 	C:\WINDOWS\system32\ntdll.dll
0x7c800000 - 0x7c8f6000 	C:\WINDOWS\system32\kernel32.dll
0x77dd0000 - 0x77e6b000 	C:\WINDOWS\system32\ADVAPI32.dll
0x77e70000 - 0x77f02000 	C:\WINDOWS\system32\RPCRT4.dll
0x77fe0000 - 0x77ff1000 	C:\WINDOWS\system32\Secur32.dll
0x7c340000 - 0x7c396000 	C:\Program Files\Java\jre6\bin\msvcr71.dll
0x6d800000 - 0x6da97000 	C:\Program Files\Java\jre6\bin\client\jvm.dll
0x7e410000 - 0x7e4a1000 	C:\WINDOWS\system32\USER32.dll
0x77f10000 - 0x77f59000 	C:\WINDOWS\system32\GDI32.dll
0x76b40000 - 0x76b6d000 	C:\WINDOWS\system32\WINMM.dll
0x76390000 - 0x763ad000 	C:\WINDOWS\system32\IMM32.DLL
0x629c0000 - 0x629c9000 	C:\WINDOWS\system32\LPK.DLL
0x74d90000 - 0x74dfb000 	C:\WINDOWS\system32\USP10.dll
0x6d7b0000 - 0x6d7bc000 	C:\Program Files\Java\jre6\bin\verify.dll
0x6d330000 - 0x6d34f000 	C:\Program Files\Java\jre6\bin\java.dll
0x6d290000 - 0x6d298000 	C:\Program Files\Java\jre6\bin\hpi.dll
0x76bf0000 - 0x76bfb000 	C:\WINDOWS\system32\PSAPI.DLL
0x6d7f0000 - 0x6d7ff000 	C:\Program Files\Java\jre6\bin\zip.dll
0x6d000000 - 0x6d14a000 	C:\Program Files\Java\jre6\bin\awt.dll
0x73000000 - 0x73026000 	C:\WINDOWS\system32\WINSPOOL.DRV
0x77c10000 - 0x77c68000 	C:\WINDOWS\system32\msvcrt.dll
0x774e0000 - 0x7761d000 	C:\WINDOWS\system32\ole32.dll
0x773d0000 - 0x774d3000 	C:\WINDOWS\WinSxS\x86_Microsoft.Windows.Common-Controls_6595b64144ccf1df_6.0.2600.5512_x-ww_35d4ce83\COMCTL32.dll
0x77f60000 - 0x77fd6000 	C:\WINDOWS\system32\SHLWAPI.dll
0x5ad70000 - 0x5ada8000 	C:\WINDOWS\system32\uxtheme.dll
0x74720000 - 0x7476c000 	C:\WINDOWS\system32\MSCTF.dll
0x10000000 - 0x10174000 	C:\WINDOWS\system32\nview.dll
0x7c9c0000 - 0x7d1d7000 	C:\WINDOWS\system32\SHELL32.dll
0x77120000 - 0x771ab000 	C:\WINDOWS\system32\OLEAUT32.dll
0x77c00000 - 0x77c08000 	C:\WINDOWS\system32\VERSION.dll
0x77690000 - 0x776b1000 	C:\WINDOWS\system32\NTMARTA.DLL
0x71bf0000 - 0x71c03000 	C:\WINDOWS\system32\SAMLIB.dll
0x76f60000 - 0x76f8c000 	C:\WINDOWS\system32\WLDAP32.dll
0x04090000 - 0x04094000 	C:\Program Files\Unlocker\UnlockerHook.dll
0x755c0000 - 0x755ee000 	C:\WINDOWS\system32\msctfime.ime
0x68000000 - 0x68036000 	C:\WINDOWS\system32\rsaenh.dll
0x769c0000 - 0x76a74000 	C:\WINDOWS\system32\USERENV.dll
0x5b860000 - 0x5b8b5000 	C:\WINDOWS\system32\netapi32.dll
0x6d610000 - 0x6d623000 	C:\Program Files\Java\jre6\bin\net.dll
0x71ab0000 - 0x71ac7000 	C:\WINDOWS\system32\WS2_32.dll
0x71aa0000 - 0x71aa8000 	C:\WINDOWS\system32\WS2HELP.dll
0x71a50000 - 0x71a8f000 	C:\WINDOWS\System32\mswsock.dll
0x76f20000 - 0x76f47000 	C:\WINDOWS\system32\DNSAPI.dll
0x76fb0000 - 0x76fb8000 	C:\WINDOWS\System32\winrnr.dll
0x16080000 - 0x160a5000 	C:\Program Files\Bonjour\mdnsNSP.dll
0x76d60000 - 0x76d79000 	C:\WINDOWS\system32\Iphlpapi.dll
0x76fc0000 - 0x76fc6000 	C:\WINDOWS\system32\rasadhlp.dll
0x6d450000 - 0x6d474000 	C:\Program Files\Java\jre6\bin\jpeg.dll

VM Arguments:
jvm_args: -Xmx384m -Dsun.io.useCanonCaches=false -Duser.language=en -Duser.region=US -Dapplication.home=C:\Program Files\Adobe\Flex Builder 3\sdks\3.4.1.10084 
java_command: C:\Program Files\Adobe\Flex Builder 3\sdks\3.4.1.10084\lib\fcsh.jar
Launcher Type: SUN_STANDARD

Environment Variables:
CLASSPATH=.;C:\Program Files\Java\jre6\lib\ext\QTJava.zip
PATH=C:\Program Files\ActiveState Komodo Edit 5\;C:\WINDOWS\system32;C:\WINDOWS;C:\WINDOWS\System32\Wbem;C:\Program Files\Calibre2\;C:\Program Files\QT Lite\QTSystem\;C:\Python26\Scripts\;C:\Program Files\IDM Computer Solutions\UltraEdit\
USERNAME=Jordan
OS=Windows_NT
PROCESSOR_IDENTIFIER=x86 Family 6 Model 15 Stepping 11, GenuineIntel



---------------  S Y S T E M  ---------------

OS: Windows XP Build 2600 Service Pack 3

CPU:total 2 (2 cores per cpu, 1 threads per core) family 6 model 15 stepping 11, cmov, cx8, fxsr, mmx, sse, sse2, sse3, ssse3

Memory: 4k page, physical 2095072k(355444k free), swap 6127376k(4127404k free)

vm_info: Java HotSpot(TM) Client VM (16.3-b01) for windows-x86 JRE (1.6.0_20-b02), built on Apr 12 2010 13:52:23 by "java_re" with MS VC++ 7.1 (VS2003)

time: Sat May 29 13:43:08 2010
elapsed time: 99565 seconds

